<?xml version="1.0" encoding="UTF-8"?>
<!-- Generated by org.testng.reporters.JUnitReportReporter -->
<testsuite skipped="0" hostname="DE-L079962" name="runner.PositiveTest" tests="1" failures="0" timestamp="2020-02-05T17:47:45 CET" time="48.741" errors="0">
  <testcase name="feature" time="48.741" classname="runner.PositiveTest"/>
</testsuite> <!-- runner.PositiveTest -->
